<?xml version="1.0" encoding="UTF-8"?>
<!-- Generated by org.testng.reporters.JUnitReportReporter -->
<testsuite hostname="WPDev-Laptop-Raihan.localdomain" failures="0" tests="4" name="com.qa.easyjobs.tests.LoginPageTest" time="2.073" errors="0" timestamp="2025-01-05T12:24:38 BDT" skipped="0">
  <testcase classname="com.qa.easyjobs.tests.LoginPageTest" name="loginPageTitleTest" time="0.012"/>
  <testcase classname="com.qa.easyjobs.tests.LoginPageTest" name="loginPageURL" time="0.001"/>
  <testcase classname="com.qa.easyjobs.tests.LoginPageTest" name="forgotPwdLinkExistTest" time="0.021"/>
  <testcase classname="com.qa.easyjobs.tests.LoginPageTest" name="doLoginTest" time="2.039"/>
</testsuite> <!-- com.qa.easyjobs.tests.LoginPageTest -->
