<?xml version="1.0" encoding="UTF-8"?>
<!-- Generated by org.testng.reporters.JUnitReportReporter -->
<testsuite hostname="WPDev-Laptop-Raihan.localdomain" failures="2" tests="22" name="com.qa.easyjobs.tests.JobPageTest" time="126.870" errors="10" timestamp="2025-01-05T12:24:38 BDT" skipped="0">
  <testcase classname="com.qa.easyjobs.tests.JobPageTest" name="testNavigateToJobPage" time="3.124"/>
  <testcase classname="com.qa.easyjobs.tests.JobPageTest" name="jobPageTitleTest" time="3.009"/>
  <testcase classname="com.qa.easyjobs.tests.JobPageTest" name="createJobTest" time="3.098"/>
  <testcase classname="com.qa.easyjobs.tests.JobPageTest" name="fillJobDetails" time="9.546"/>
  <testcase classname="com.qa.easyjobs.tests.JobPageTest" name="selectJobType" time="3.182"/>
  <testcase classname="com.qa.easyjobs.tests.JobPageTest" name="setExpiryDate" time="3.097"/>
  <testcase classname="com.qa.easyjobs.tests.JobPageTest" name="selectJobCategory" time="30.134">
    <error message="Error {
  message=&#039;Timeout 30000ms exceeded.
  name=&#039;TimeoutError
  stack=&#039;TimeoutError: Timeout 30000ms exceeded.
    at ProgressController.run (/private/var/folders/mc/dyqmrmzn7wzgnndqb4yxm5ch0000gn/T/playwright-java-10600792000996021267/package/lib/server/progress.js:87:26)
    at Frame.click (/private/var/folders/mc/dyqmrmzn7wzgnndqb4yxm5ch0000gn/T/playwright-java-10600792000996021267/package/lib/server/frames.js:995:23)
    at FrameDispatcher.click (/private/var/folders/mc/dyqmrmzn7wzgnndqb4yxm5ch0000gn/T/playwright-java-10600792000996021267/package/lib/server/dispatchers/frameDispatcher.js:158:30)
    at FrameDispatcher._handleCommand (/private/var/folders/mc/dyqmrmzn7wzgnndqb4yxm5ch0000gn/T/playwright-java-10600792000996021267/package/lib/server/dispatchers/dispatcher.js:94:40)
    at DispatcherConnection.dispatch (/private/var/folders/mc/dyqmrmzn7wzgnndqb4yxm5ch0000gn/T/playwright-java-10600792000996021267/package/lib/server/dispatchers/dispatcher.js:362:39)
}
Call log:
- waiting for locator(&quot;//span[contains(text(),&#039;3D Animator&#039;)]&quot;)
" type="com.microsoft.playwright.TimeoutError">
      <![CDATA[com.microsoft.playwright.TimeoutError: Error {
  message='Timeout 30000ms exceeded.
  name='TimeoutError
  stack='TimeoutError: Timeout 30000ms exceeded.
    at ProgressController.run (/private/var/folders/mc/dyqmrmzn7wzgnndqb4yxm5ch0000gn/T/playwright-java-10600792000996021267/package/lib/server/progress.js:87:26)
    at Frame.click (/private/var/folders/mc/dyqmrmzn7wzgnndqb4yxm5ch0000gn/T/playwright-java-10600792000996021267/package/lib/server/frames.js:995:23)
    at FrameDispatcher.click (/private/var/folders/mc/dyqmrmzn7wzgnndqb4yxm5ch0000gn/T/playwright-java-10600792000996021267/package/lib/server/dispatchers/frameDispatcher.js:158:30)
    at FrameDispatcher._handleCommand (/private/var/folders/mc/dyqmrmzn7wzgnndqb4yxm5ch0000gn/T/playwright-java-10600792000996021267/package/lib/server/dispatchers/dispatcher.js:94:40)
    at DispatcherConnection.dispatch (/private/var/folders/mc/dyqmrmzn7wzgnndqb4yxm5ch0000gn/T/playwright-java-10600792000996021267/package/lib/server/dispatchers/dispatcher.js:362:39)
}
Call log:
- waiting for locator("//span[contains(text(),'3D Animator')]")

at com.microsoft.playwright.impl.WaitableResult.get(WaitableResult.java:52)
at com.microsoft.playwright.impl.ChannelOwner.runUntil(ChannelOwner.java:120)
at com.microsoft.playwright.impl.Connection.sendMessage(Connection.java:129)
at com.microsoft.playwright.impl.ChannelOwner.sendMessage(ChannelOwner.java:106)
at com.microsoft.playwright.impl.FrameImpl.clickImpl(FrameImpl.java:252)
at com.microsoft.playwright.impl.PageImpl.lambda$click$17(PageImpl.java:586)
at com.microsoft.playwright.impl.LoggingSupport.lambda$withLogging$0(LoggingSupport.java:36)
at com.microsoft.playwright.impl.LoggingSupport.withLogging(LoggingSupport.java:47)
at com.microsoft.playwright.impl.ChannelOwner.withLogging(ChannelOwner.java:89)
at com.microsoft.playwright.impl.LoggingSupport.withLogging(LoggingSupport.java:35)
at com.microsoft.playwright.impl.PageImpl.click(PageImpl.java:585)
at com.microsoft.playwright.Page.click(Page.java:3779)
at com.qa.easyjobs.pages.JobPage.selectJobCategory(JobPage.java:137)
at com.qa.easyjobs.tests.JobPageTest.selectJobCategory(JobPageTest.java:86)
at java.base/jdk.internal.reflect.DirectMethodHandleAccessor.invoke(DirectMethodHandleAccessor.java:103)
at java.base/java.lang.reflect.Method.invoke(Method.java:580)
at org.testng.internal.invokers.MethodInvocationHelper.invokeMethod(MethodInvocationHelper.java:141)
at org.testng.internal.invokers.TestInvoker.invokeMethod(TestInvoker.java:686)
at org.testng.internal.invokers.TestInvoker.invokeTestMethod(TestInvoker.java:230)
at org.testng.internal.invokers.MethodRunner.runInSequence(MethodRunner.java:63)
at org.testng.internal.invokers.TestInvoker$MethodInvocationAgent.invoke(TestInvoker.java:992)
at org.testng.internal.invokers.TestInvoker.invokeTestMethods(TestInvoker.java:203)
at org.testng.internal.invokers.TestMethodWorker.invokeTestMethods(TestMethodWorker.java:154)
at org.testng.internal.invokers.TestMethodWorker.run(TestMethodWorker.java:134)
at java.base/java.util.ArrayList.forEach(ArrayList.java:1596)
at org.testng.TestRunner.privateRun(TestRunner.java:739)
at org.testng.TestRunner.run(TestRunner.java:614)
at org.testng.SuiteRunner.runTest(SuiteRunner.java:421)
at org.testng.SuiteRunner.runSequentially(SuiteRunner.java:413)
at org.testng.SuiteRunner.privateRun(SuiteRunner.java:373)
at org.testng.SuiteRunner.run(SuiteRunner.java:312)
at org.testng.SuiteRunnerWorker.runSuite(SuiteRunnerWorker.java:52)
at org.testng.SuiteRunnerWorker.run(SuiteRunnerWorker.java:95)
at org.testng.TestNG.runSuitesSequentially(TestNG.java:1274)
at org.testng.TestNG.runSuitesLocally(TestNG.java:1208)
at org.testng.TestNG.runSuites(TestNG.java:1112)
at org.testng.TestNG.run(TestNG.java:1079)
at org.testng.remote.AbstractRemoteTestNG.run(AbstractRemoteTestNG.java:115)
at org.testng.remote.RemoteTestNG.initAndRun(RemoteTestNG.java:293)
at org.testng.remote.RemoteTestNG.main(RemoteTestNG.java:91)
Caused by: com.microsoft.playwright.TimeoutError: Error {
  message='Timeout 30000ms exceeded.
  name='TimeoutError
  stack='TimeoutError: Timeout 30000ms exceeded.
    at ProgressController.run (/private/var/folders/mc/dyqmrmzn7wzgnndqb4yxm5ch0000gn/T/playwright-java-10600792000996021267/package/lib/server/progress.js:87:26)
    at Frame.click (/private/var/folders/mc/dyqmrmzn7wzgnndqb4yxm5ch0000gn/T/playwright-java-10600792000996021267/package/lib/server/frames.js:995:23)
    at FrameDispatcher.click (/private/var/folders/mc/dyqmrmzn7wzgnndqb4yxm5ch0000gn/T/playwright-java-10600792000996021267/package/lib/server/dispatchers/frameDispatcher.js:158:30)
    at FrameDispatcher._handleCommand (/private/var/folders/mc/dyqmrmzn7wzgnndqb4yxm5ch0000gn/T/playwright-java-10600792000996021267/package/lib/server/dispatchers/dispatcher.js:94:40)
    at DispatcherConnection.dispatch (/private/var/folders/mc/dyqmrmzn7wzgnndqb4yxm5ch0000gn/T/playwright-java-10600792000996021267/package/lib/server/dispatchers/dispatcher.js:362:39)
}
Call log:
- waiting for locator("//span[contains(text(),'3D Animator')]")

at com.microsoft.playwright.impl.Connection.dispatch(Connection.java:254)
at com.microsoft.playwright.impl.Connection.processOneMessage(Connection.java:209)
at com.microsoft.playwright.impl.ChannelOwner.runUntil(ChannelOwner.java:118)
... 38 more
]]>
    </error>
  </testcase> <!-- selectJobCategory -->
  <testcase classname="com.qa.easyjobs.tests.JobPageTest" name="selectSkills" time="3.458"/>
  <testcase classname="com.qa.easyjobs.tests.JobPageTest" name="selectEmploymentType" time="0.182"/>
  <testcase classname="com.qa.easyjobs.tests.JobPageTest" name="selectSalaryType" time="3.227"/>
  <testcase classname="com.qa.easyjobs.tests.JobPageTest" name="clickSaveButton" time="3.108"/>
  <testcase classname="com.qa.easyjobs.tests.JobPageTest" name="screeningQuestionPageTitleTest" time="0.012">
    <failure message="Page title does not match after navigating to the Job Page! expected [easy.jobs | Job Screening Question] but found [easy.jobs | Job Create]" type="java.lang.AssertionError">
      <![CDATA[java.lang.AssertionError: Page title does not match after navigating to the Job Page! expected [easy.jobs | Job Screening Question] but found [easy.jobs | Job Create]
at org.testng.Assert.fail(Assert.java:111)
at org.testng.Assert.failNotEquals(Assert.java:1578)
at org.testng.Assert.assertEqualsImpl(Assert.java:150)
at org.testng.Assert.assertEquals(Assert.java:132)
at org.testng.Assert.assertEquals(Assert.java:656)
at com.qa.easyjobs.tests.JobPageTest.screeningQuestionPageTitleTest(JobPageTest.java:143)
at java.base/jdk.internal.reflect.DirectMethodHandleAccessor.invoke(DirectMethodHandleAccessor.java:103)
at java.base/java.lang.reflect.Method.invoke(Method.java:580)
at org.testng.internal.invokers.MethodInvocationHelper.invokeMethod(MethodInvocationHelper.java:141)
at org.testng.internal.invokers.TestInvoker.invokeMethod(TestInvoker.java:686)
at org.testng.internal.invokers.TestInvoker.invokeTestMethod(TestInvoker.java:230)
at org.testng.internal.invokers.MethodRunner.runInSequence(MethodRunner.java:63)
at org.testng.internal.invokers.TestInvoker$MethodInvocationAgent.invoke(TestInvoker.java:992)
at org.testng.internal.invokers.TestInvoker.invokeTestMethods(TestInvoker.java:203)
at org.testng.internal.invokers.TestMethodWorker.invokeTestMethods(TestMethodWorker.java:154)
at org.testng.internal.invokers.TestMethodWorker.run(TestMethodWorker.java:134)
at java.base/java.util.ArrayList.forEach(ArrayList.java:1596)
at org.testng.TestRunner.privateRun(TestRunner.java:739)
at org.testng.TestRunner.run(TestRunner.java:614)
at org.testng.SuiteRunner.runTest(SuiteRunner.java:421)
at org.testng.SuiteRunner.runSequentially(SuiteRunner.java:413)
at org.testng.SuiteRunner.privateRun(SuiteRunner.java:373)
at org.testng.SuiteRunner.run(SuiteRunner.java:312)
at org.testng.SuiteRunnerWorker.runSuite(SuiteRunnerWorker.java:52)
at org.testng.SuiteRunnerWorker.run(SuiteRunnerWorker.java:95)
at org.testng.TestNG.runSuitesSequentially(TestNG.java:1274)
at org.testng.TestNG.runSuitesLocally(TestNG.java:1208)
at org.testng.TestNG.runSuites(TestNG.java:1112)
at org.testng.TestNG.run(TestNG.java:1079)
at org.testng.remote.AbstractRemoteTestNG.run(AbstractRemoteTestNG.java:115)
at org.testng.remote.RemoteTestNG.initAndRun(RemoteTestNG.java:293)
at org.testng.remote.RemoteTestNG.main(RemoteTestNG.java:91)
]]>
    </failure>
  </testcase> <!-- screeningQuestionPageTitleTest -->
  <testcase classname="com.qa.easyjobs.tests.JobPageTest" name="addScreeningQuestions" time="30.158">
    <error message="Error {
  message=&#039;Timeout 30000ms exceeded.
  name=&#039;TimeoutError
  stack=&#039;TimeoutError: Timeout 30000ms exceeded.
    at ProgressController.run (/private/var/folders/mc/dyqmrmzn7wzgnndqb4yxm5ch0000gn/T/playwright-java-10600792000996021267/package/lib/server/progress.js:87:26)
    at Frame.click (/private/var/folders/mc/dyqmrmzn7wzgnndqb4yxm5ch0000gn/T/playwright-java-10600792000996021267/package/lib/server/frames.js:995:23)
    at FrameDispatcher.click (/private/var/folders/mc/dyqmrmzn7wzgnndqb4yxm5ch0000gn/T/playwright-java-10600792000996021267/package/lib/server/dispatchers/frameDispatcher.js:158:30)
    at FrameDispatcher._handleCommand (/private/var/folders/mc/dyqmrmzn7wzgnndqb4yxm5ch0000gn/T/playwright-java-10600792000996021267/package/lib/server/dispatchers/dispatcher.js:94:40)
    at DispatcherConnection.dispatch (/private/var/folders/mc/dyqmrmzn7wzgnndqb4yxm5ch0000gn/T/playwright-java-10600792000996021267/package/lib/server/dispatchers/dispatcher.js:362:39)
}
Call log:
- waiting for locator(&quot;//span[@class=&#039;multiselect__option multiselect__option--highlight&#039;]&quot;)
-   locator resolved to &lt;span data-select=&quot;&quot; data-deselect=&quot;&quot; data-selected=&quot;S…&gt;…&lt;/span&gt;
- attempting click action
-   waiting for element to be visible, enabled and stable
-     element is not visible - waiting...
" type="com.microsoft.playwright.TimeoutError">
      <![CDATA[com.microsoft.playwright.TimeoutError: Error {
  message='Timeout 30000ms exceeded.
  name='TimeoutError
  stack='TimeoutError: Timeout 30000ms exceeded.
    at ProgressController.run (/private/var/folders/mc/dyqmrmzn7wzgnndqb4yxm5ch0000gn/T/playwright-java-10600792000996021267/package/lib/server/progress.js:87:26)
    at Frame.click (/private/var/folders/mc/dyqmrmzn7wzgnndqb4yxm5ch0000gn/T/playwright-java-10600792000996021267/package/lib/server/frames.js:995:23)
    at FrameDispatcher.click (/private/var/folders/mc/dyqmrmzn7wzgnndqb4yxm5ch0000gn/T/playwright-java-10600792000996021267/package/lib/server/dispatchers/frameDispatcher.js:158:30)
    at FrameDispatcher._handleCommand (/private/var/folders/mc/dyqmrmzn7wzgnndqb4yxm5ch0000gn/T/playwright-java-10600792000996021267/package/lib/server/dispatchers/dispatcher.js:94:40)
    at DispatcherConnection.dispatch (/private/var/folders/mc/dyqmrmzn7wzgnndqb4yxm5ch0000gn/T/playwright-java-10600792000996021267/package/lib/server/dispatchers/dispatcher.js:362:39)
}
Call log:
- waiting for locator("//span[@class='multiselect__option multiselect__option--highlight']")
-   locator resolved to <span data-select="" data-deselect="" data-selected="S…>…</span>
- attempting click action
-   waiting for element to be visible, enabled and stable
-     element is not visible - waiting...

at com.microsoft.playwright.impl.WaitableResult.get(WaitableResult.java:52)
at com.microsoft.playwright.impl.ChannelOwner.runUntil(ChannelOwner.java:120)
at com.microsoft.playwright.impl.Connection.sendMessage(Connection.java:129)
at com.microsoft.playwright.impl.ChannelOwner.sendMessage(ChannelOwner.java:106)
at com.microsoft.playwright.impl.FrameImpl.clickImpl(FrameImpl.java:252)
at com.microsoft.playwright.impl.PageImpl.lambda$click$17(PageImpl.java:586)
at com.microsoft.playwright.impl.LoggingSupport.lambda$withLogging$0(LoggingSupport.java:36)
at com.microsoft.playwright.impl.LoggingSupport.withLogging(LoggingSupport.java:47)
at com.microsoft.playwright.impl.ChannelOwner.withLogging(ChannelOwner.java:89)
at com.microsoft.playwright.impl.LoggingSupport.withLogging(LoggingSupport.java:35)
at com.microsoft.playwright.impl.PageImpl.click(PageImpl.java:585)
at com.microsoft.playwright.Page.click(Page.java:3779)
at com.qa.easyjobs.pages.JobPage.addScreeningQuestions(JobPage.java:171)
at com.qa.easyjobs.tests.JobPageTest.addScreeningQuestions(JobPageTest.java:151)
at java.base/jdk.internal.reflect.DirectMethodHandleAccessor.invoke(DirectMethodHandleAccessor.java:103)
at java.base/java.lang.reflect.Method.invoke(Method.java:580)
at org.testng.internal.invokers.MethodInvocationHelper.invokeMethod(MethodInvocationHelper.java:141)
at org.testng.internal.invokers.TestInvoker.invokeMethod(TestInvoker.java:686)
at org.testng.internal.invokers.TestInvoker.invokeTestMethod(TestInvoker.java:230)
at org.testng.internal.invokers.MethodRunner.runInSequence(MethodRunner.java:63)
at org.testng.internal.invokers.TestInvoker$MethodInvocationAgent.invoke(TestInvoker.java:992)
at org.testng.internal.invokers.TestInvoker.invokeTestMethods(TestInvoker.java:203)
at org.testng.internal.invokers.TestMethodWorker.invokeTestMethods(TestMethodWorker.java:154)
at org.testng.internal.invokers.TestMethodWorker.run(TestMethodWorker.java:134)
at java.base/java.util.ArrayList.forEach(ArrayList.java:1596)
at org.testng.TestRunner.privateRun(TestRunner.java:739)
at org.testng.TestRunner.run(TestRunner.java:614)
at org.testng.SuiteRunner.runTest(SuiteRunner.java:421)
at org.testng.SuiteRunner.runSequentially(SuiteRunner.java:413)
at org.testng.SuiteRunner.privateRun(SuiteRunner.java:373)
at org.testng.SuiteRunner.run(SuiteRunner.java:312)
at org.testng.SuiteRunnerWorker.runSuite(SuiteRunnerWorker.java:52)
at org.testng.SuiteRunnerWorker.run(SuiteRunnerWorker.java:95)
at org.testng.TestNG.runSuitesSequentially(TestNG.java:1274)
at org.testng.TestNG.runSuitesLocally(TestNG.java:1208)
at org.testng.TestNG.runSuites(TestNG.java:1112)
at org.testng.TestNG.run(TestNG.java:1079)
at org.testng.remote.AbstractRemoteTestNG.run(AbstractRemoteTestNG.java:115)
at org.testng.remote.RemoteTestNG.initAndRun(RemoteTestNG.java:293)
at org.testng.remote.RemoteTestNG.main(RemoteTestNG.java:91)
Caused by: com.microsoft.playwright.TimeoutError: Error {
  message='Timeout 30000ms exceeded.
  name='TimeoutError
  stack='TimeoutError: Timeout 30000ms exceeded.
    at ProgressController.run (/private/var/folders/mc/dyqmrmzn7wzgnndqb4yxm5ch0000gn/T/playwright-java-10600792000996021267/package/lib/server/progress.js:87:26)
    at Frame.click (/private/var/folders/mc/dyqmrmzn7wzgnndqb4yxm5ch0000gn/T/playwright-java-10600792000996021267/package/lib/server/frames.js:995:23)
    at FrameDispatcher.click (/private/var/folders/mc/dyqmrmzn7wzgnndqb4yxm5ch0000gn/T/playwright-java-10600792000996021267/package/lib/server/dispatchers/frameDispatcher.js:158:30)
    at FrameDispatcher._handleCommand (/private/var/folders/mc/dyqmrmzn7wzgnndqb4yxm5ch0000gn/T/playwright-java-10600792000996021267/package/lib/server/dispatchers/dispatcher.js:94:40)
    at DispatcherConnection.dispatch (/private/var/folders/mc/dyqmrmzn7wzgnndqb4yxm5ch0000gn/T/playwright-java-10600792000996021267/package/lib/server/dispatchers/dispatcher.js:362:39)
}
Call log:
- waiting for locator("//span[@class='multiselect__option multiselect__option--highlight']")
-   locator resolved to <span data-select="" data-deselect="" data-selected="S…>…</span>
- attempting click action
-   waiting for element to be visible, enabled and stable
-     element is not visible - waiting...

at com.microsoft.playwright.impl.Connection.dispatch(Connection.java:254)
at com.microsoft.playwright.impl.Connection.processOneMessage(Connection.java:209)
at com.microsoft.playwright.impl.ChannelOwner.runUntil(ChannelOwner.java:118)
... 38 more
]]>
    </error>
  </testcase> <!-- addScreeningQuestions -->
  <testcase classname="com.qa.easyjobs.tests.JobPageTest" name="screeningQuestionSaveButton" time="30.054">
    <error message="Error {
  message=&#039;Timeout 30000ms exceeded.
  name=&#039;TimeoutError
  stack=&#039;TimeoutError: Timeout 30000ms exceeded.
    at ProgressController.run (/private/var/folders/mc/dyqmrmzn7wzgnndqb4yxm5ch0000gn/T/playwright-java-10600792000996021267/package/lib/server/progress.js:87:26)
    at Frame.click (/private/var/folders/mc/dyqmrmzn7wzgnndqb4yxm5ch0000gn/T/playwright-java-10600792000996021267/package/lib/server/frames.js:995:23)
    at FrameDispatcher.click (/private/var/folders/mc/dyqmrmzn7wzgnndqb4yxm5ch0000gn/T/playwright-java-10600792000996021267/package/lib/server/dispatchers/frameDispatcher.js:158:30)
    at FrameDispatcher._handleCommand (/private/var/folders/mc/dyqmrmzn7wzgnndqb4yxm5ch0000gn/T/playwright-java-10600792000996021267/package/lib/server/dispatchers/dispatcher.js:94:40)
    at DispatcherConnection.dispatch (/private/var/folders/mc/dyqmrmzn7wzgnndqb4yxm5ch0000gn/T/playwright-java-10600792000996021267/package/lib/server/dispatchers/dispatcher.js:362:39)
}
Call log:
- waiting for locator(&quot;//button[normalize-space()=&#039;Save &amp; Continue&#039;]&quot;)
" type="com.microsoft.playwright.TimeoutError">
      <![CDATA[com.microsoft.playwright.TimeoutError: Error {
  message='Timeout 30000ms exceeded.
  name='TimeoutError
  stack='TimeoutError: Timeout 30000ms exceeded.
    at ProgressController.run (/private/var/folders/mc/dyqmrmzn7wzgnndqb4yxm5ch0000gn/T/playwright-java-10600792000996021267/package/lib/server/progress.js:87:26)
    at Frame.click (/private/var/folders/mc/dyqmrmzn7wzgnndqb4yxm5ch0000gn/T/playwright-java-10600792000996021267/package/lib/server/frames.js:995:23)
    at FrameDispatcher.click (/private/var/folders/mc/dyqmrmzn7wzgnndqb4yxm5ch0000gn/T/playwright-java-10600792000996021267/package/lib/server/dispatchers/frameDispatcher.js:158:30)
    at FrameDispatcher._handleCommand (/private/var/folders/mc/dyqmrmzn7wzgnndqb4yxm5ch0000gn/T/playwright-java-10600792000996021267/package/lib/server/dispatchers/dispatcher.js:94:40)
    at DispatcherConnection.dispatch (/private/var/folders/mc/dyqmrmzn7wzgnndqb4yxm5ch0000gn/T/playwright-java-10600792000996021267/package/lib/server/dispatchers/dispatcher.js:362:39)
}
Call log:
- waiting for locator("//button[normalize-space()='Save & Continue']")

at com.microsoft.playwright.impl.WaitableResult.get(WaitableResult.java:52)
at com.microsoft.playwright.impl.ChannelOwner.runUntil(ChannelOwner.java:120)
at com.microsoft.playwright.impl.Connection.sendMessage(Connection.java:129)
at com.microsoft.playwright.impl.ChannelOwner.sendMessage(ChannelOwner.java:106)
at com.microsoft.playwright.impl.FrameImpl.clickImpl(FrameImpl.java:252)
at com.microsoft.playwright.impl.PageImpl.lambda$click$17(PageImpl.java:586)
at com.microsoft.playwright.impl.LoggingSupport.lambda$withLogging$0(LoggingSupport.java:36)
at com.microsoft.playwright.impl.LoggingSupport.withLogging(LoggingSupport.java:47)
at com.microsoft.playwright.impl.ChannelOwner.withLogging(ChannelOwner.java:89)
at com.microsoft.playwright.impl.LoggingSupport.withLogging(LoggingSupport.java:35)
at com.microsoft.playwright.impl.PageImpl.click(PageImpl.java:585)
at com.microsoft.playwright.Page.click(Page.java:3779)
at com.qa.easyjobs.pages.JobPage.screeningQuestionSaveButton(JobPage.java:177)
at com.qa.easyjobs.tests.JobPageTest.screeningQuestionSaveButton(JobPageTest.java:159)
at java.base/jdk.internal.reflect.DirectMethodHandleAccessor.invoke(DirectMethodHandleAccessor.java:103)
at java.base/java.lang.reflect.Method.invoke(Method.java:580)
at org.testng.internal.invokers.MethodInvocationHelper.invokeMethod(MethodInvocationHelper.java:141)
at org.testng.internal.invokers.TestInvoker.invokeMethod(TestInvoker.java:686)
at org.testng.internal.invokers.TestInvoker.invokeTestMethod(TestInvoker.java:230)
at org.testng.internal.invokers.MethodRunner.runInSequence(MethodRunner.java:63)
at org.testng.internal.invokers.TestInvoker$MethodInvocationAgent.invoke(TestInvoker.java:992)
at org.testng.internal.invokers.TestInvoker.invokeTestMethods(TestInvoker.java:203)
at org.testng.internal.invokers.TestMethodWorker.invokeTestMethods(TestMethodWorker.java:154)
at org.testng.internal.invokers.TestMethodWorker.run(TestMethodWorker.java:134)
at java.base/java.util.ArrayList.forEach(ArrayList.java:1596)
at org.testng.TestRunner.privateRun(TestRunner.java:739)
at org.testng.TestRunner.run(TestRunner.java:614)
at org.testng.SuiteRunner.runTest(SuiteRunner.java:421)
at org.testng.SuiteRunner.runSequentially(SuiteRunner.java:413)
at org.testng.SuiteRunner.privateRun(SuiteRunner.java:373)
at org.testng.SuiteRunner.run(SuiteRunner.java:312)
at org.testng.SuiteRunnerWorker.runSuite(SuiteRunnerWorker.java:52)
at org.testng.SuiteRunnerWorker.run(SuiteRunnerWorker.java:95)
at org.testng.TestNG.runSuitesSequentially(TestNG.java:1274)
at org.testng.TestNG.runSuitesLocally(TestNG.java:1208)
at org.testng.TestNG.runSuites(TestNG.java:1112)
at org.testng.TestNG.run(TestNG.java:1079)
at org.testng.remote.AbstractRemoteTestNG.run(AbstractRemoteTestNG.java:115)
at org.testng.remote.RemoteTestNG.initAndRun(RemoteTestNG.java:293)
at org.testng.remote.RemoteTestNG.main(RemoteTestNG.java:91)
Caused by: com.microsoft.playwright.TimeoutError: Error {
  message='Timeout 30000ms exceeded.
  name='TimeoutError
  stack='TimeoutError: Timeout 30000ms exceeded.
    at ProgressController.run (/private/var/folders/mc/dyqmrmzn7wzgnndqb4yxm5ch0000gn/T/playwright-java-10600792000996021267/package/lib/server/progress.js:87:26)
    at Frame.click (/private/var/folders/mc/dyqmrmzn7wzgnndqb4yxm5ch0000gn/T/playwright-java-10600792000996021267/package/lib/server/frames.js:995:23)
    at FrameDispatcher.click (/private/var/folders/mc/dyqmrmzn7wzgnndqb4yxm5ch0000gn/T/playwright-java-10600792000996021267/package/lib/server/dispatchers/frameDispatcher.js:158:30)
    at FrameDispatcher._handleCommand (/private/var/folders/mc/dyqmrmzn7wzgnndqb4yxm5ch0000gn/T/playwright-java-10600792000996021267/package/lib/server/dispatchers/dispatcher.js:94:40)
    at DispatcherConnection.dispatch (/private/var/folders/mc/dyqmrmzn7wzgnndqb4yxm5ch0000gn/T/playwright-java-10600792000996021267/package/lib/server/dispatchers/dispatcher.js:362:39)
}
Call log:
- waiting for locator("//button[normalize-space()='Save & Continue']")

at com.microsoft.playwright.impl.Connection.dispatch(Connection.java:254)
at com.microsoft.playwright.impl.Connection.processOneMessage(Connection.java:209)
at com.microsoft.playwright.impl.ChannelOwner.runUntil(ChannelOwner.java:118)
... 38 more
]]>
    </error>
  </testcase> <!-- screeningQuestionSaveButton -->
  <testcase classname="com.qa.easyjobs.tests.JobPageTest" name="quizQuestionPageTitleTest" time="0.002">
    <failure message="Page title does not match after navigating to the Job Page! expected [easy.jobs | Job Quiz] but found [easy.jobs | Job Create]" type="java.lang.AssertionError">
      <![CDATA[java.lang.AssertionError: Page title does not match after navigating to the Job Page! expected [easy.jobs | Job Quiz] but found [easy.jobs | Job Create]
at org.testng.Assert.fail(Assert.java:111)
at org.testng.Assert.failNotEquals(Assert.java:1578)
at org.testng.Assert.assertEqualsImpl(Assert.java:150)
at org.testng.Assert.assertEquals(Assert.java:132)
at org.testng.Assert.assertEquals(Assert.java:656)
at com.qa.easyjobs.tests.JobPageTest.quizQuestionPageTitleTest(JobPageTest.java:169)
at java.base/jdk.internal.reflect.DirectMethodHandleAccessor.invoke(DirectMethodHandleAccessor.java:103)
at java.base/java.lang.reflect.Method.invoke(Method.java:580)
at org.testng.internal.invokers.MethodInvocationHelper.invokeMethod(MethodInvocationHelper.java:141)
at org.testng.internal.invokers.TestInvoker.invokeMethod(TestInvoker.java:686)
at org.testng.internal.invokers.TestInvoker.invokeTestMethod(TestInvoker.java:230)
at org.testng.internal.invokers.MethodRunner.runInSequence(MethodRunner.java:63)
at org.testng.internal.invokers.TestInvoker$MethodInvocationAgent.invoke(TestInvoker.java:992)
at org.testng.internal.invokers.TestInvoker.invokeTestMethods(TestInvoker.java:203)
at org.testng.internal.invokers.TestMethodWorker.invokeTestMethods(TestMethodWorker.java:154)
at org.testng.internal.invokers.TestMethodWorker.run(TestMethodWorker.java:134)
at java.base/java.util.ArrayList.forEach(ArrayList.java:1596)
at org.testng.TestRunner.privateRun(TestRunner.java:739)
at org.testng.TestRunner.run(TestRunner.java:614)
at org.testng.SuiteRunner.runTest(SuiteRunner.java:421)
at org.testng.SuiteRunner.runSequentially(SuiteRunner.java:413)
at org.testng.SuiteRunner.privateRun(SuiteRunner.java:373)
at org.testng.SuiteRunner.run(SuiteRunner.java:312)
at org.testng.SuiteRunnerWorker.runSuite(SuiteRunnerWorker.java:52)
at org.testng.SuiteRunnerWorker.run(SuiteRunnerWorker.java:95)
at org.testng.TestNG.runSuitesSequentially(TestNG.java:1274)
at org.testng.TestNG.runSuitesLocally(TestNG.java:1208)
at org.testng.TestNG.runSuites(TestNG.java:1112)
at org.testng.TestNG.run(TestNG.java:1079)
at org.testng.remote.AbstractRemoteTestNG.run(AbstractRemoteTestNG.java:115)
at org.testng.remote.RemoteTestNG.initAndRun(RemoteTestNG.java:293)
at org.testng.remote.RemoteTestNG.main(RemoteTestNG.java:91)
]]>
    </failure>
  </testcase> <!-- quizQuestionPageTitleTest -->
  <testcase classname="com.qa.easyjobs.tests.JobPageTest" name="addQuizQuestions" time="1.473">
    <error message="Error {
  message=&#039;Target page, context or browser has been closed
  name=&#039;TargetClosedError
  stack=&#039;TargetClosedError: Target page, context or browser has been closed
    at DispatcherConnection.dispatch (/private/var/folders/mc/dyqmrmzn7wzgnndqb4yxm5ch0000gn/T/playwright-java-10600792000996021267/package/lib/server/dispatchers/dispatcher.js:375:15)
}
Call log:
- waiting for locator(&quot;//span[@class=&#039;multiselect__option multiselect__option--highlight&#039;]&quot;)
-   locator resolved to &lt;span data-select=&quot;&quot; data-deselect=&quot;&quot; data-selected=&quot;S…&gt;…&lt;/span&gt;
- attempting click action
-   waiting for element to be visible, enabled and stable
-     element is not visible - waiting...
" type="com.microsoft.playwright.PlaywrightException">
      <![CDATA[com.microsoft.playwright.PlaywrightException: Error {
  message='Target page, context or browser has been closed
  name='TargetClosedError
  stack='TargetClosedError: Target page, context or browser has been closed
    at DispatcherConnection.dispatch (/private/var/folders/mc/dyqmrmzn7wzgnndqb4yxm5ch0000gn/T/playwright-java-10600792000996021267/package/lib/server/dispatchers/dispatcher.js:375:15)
}
Call log:
- waiting for locator("//span[@class='multiselect__option multiselect__option--highlight']")
-   locator resolved to <span data-select="" data-deselect="" data-selected="S…>…</span>
- attempting click action
-   waiting for element to be visible, enabled and stable
-     element is not visible - waiting...

at com.microsoft.playwright.impl.WaitableResult.get(WaitableResult.java:54)
at com.microsoft.playwright.impl.ChannelOwner.runUntil(ChannelOwner.java:120)
at com.microsoft.playwright.impl.Connection.sendMessage(Connection.java:129)
at com.microsoft.playwright.impl.ChannelOwner.sendMessage(ChannelOwner.java:106)
at com.microsoft.playwright.impl.FrameImpl.clickImpl(FrameImpl.java:252)
at com.microsoft.playwright.impl.PageImpl.lambda$click$17(PageImpl.java:586)
at com.microsoft.playwright.impl.LoggingSupport.lambda$withLogging$0(LoggingSupport.java:36)
at com.microsoft.playwright.impl.LoggingSupport.withLogging(LoggingSupport.java:47)
at com.microsoft.playwright.impl.ChannelOwner.withLogging(ChannelOwner.java:89)
at com.microsoft.playwright.impl.LoggingSupport.withLogging(LoggingSupport.java:35)
at com.microsoft.playwright.impl.PageImpl.click(PageImpl.java:585)
at com.microsoft.playwright.Page.click(Page.java:3779)
at com.qa.easyjobs.pages.JobPage.addQuizQuestions(JobPage.java:185)
at com.qa.easyjobs.tests.JobPageTest.addQuizQuestions(JobPageTest.java:179)
at java.base/jdk.internal.reflect.DirectMethodHandleAccessor.invoke(DirectMethodHandleAccessor.java:103)
at java.base/java.lang.reflect.Method.invoke(Method.java:580)
at org.testng.internal.invokers.MethodInvocationHelper.invokeMethod(MethodInvocationHelper.java:141)
at org.testng.internal.invokers.TestInvoker.invokeMethod(TestInvoker.java:686)
at org.testng.internal.invokers.TestInvoker.invokeTestMethod(TestInvoker.java:230)
at org.testng.internal.invokers.MethodRunner.runInSequence(MethodRunner.java:63)
at org.testng.internal.invokers.TestInvoker$MethodInvocationAgent.invoke(TestInvoker.java:992)
at org.testng.internal.invokers.TestInvoker.invokeTestMethods(TestInvoker.java:203)
at org.testng.internal.invokers.TestMethodWorker.invokeTestMethods(TestMethodWorker.java:154)
at org.testng.internal.invokers.TestMethodWorker.run(TestMethodWorker.java:134)
at java.base/java.util.ArrayList.forEach(ArrayList.java:1596)
at org.testng.TestRunner.privateRun(TestRunner.java:739)
at org.testng.TestRunner.run(TestRunner.java:614)
at org.testng.SuiteRunner.runTest(SuiteRunner.java:421)
at org.testng.SuiteRunner.runSequentially(SuiteRunner.java:413)
at org.testng.SuiteRunner.privateRun(SuiteRunner.java:373)
at org.testng.SuiteRunner.run(SuiteRunner.java:312)
at org.testng.SuiteRunnerWorker.runSuite(SuiteRunnerWorker.java:52)
at org.testng.SuiteRunnerWorker.run(SuiteRunnerWorker.java:95)
at org.testng.TestNG.runSuitesSequentially(TestNG.java:1274)
at org.testng.TestNG.runSuitesLocally(TestNG.java:1208)
at org.testng.TestNG.runSuites(TestNG.java:1112)
at org.testng.TestNG.run(TestNG.java:1079)
at org.testng.remote.AbstractRemoteTestNG.run(AbstractRemoteTestNG.java:115)
at org.testng.remote.RemoteTestNG.initAndRun(RemoteTestNG.java:293)
at org.testng.remote.RemoteTestNG.main(RemoteTestNG.java:91)
Caused by: com.microsoft.playwright.impl.TargetClosedError: Error {
  message='Target page, context or browser has been closed
  name='TargetClosedError
  stack='TargetClosedError: Target page, context or browser has been closed
    at DispatcherConnection.dispatch (/private/var/folders/mc/dyqmrmzn7wzgnndqb4yxm5ch0000gn/T/playwright-java-10600792000996021267/package/lib/server/dispatchers/dispatcher.js:375:15)
}
Call log:
- waiting for locator("//span[@class='multiselect__option multiselect__option--highlight']")
-   locator resolved to <span data-select="" data-deselect="" data-selected="S…>…</span>
- attempting click action
-   waiting for element to be visible, enabled and stable
-     element is not visible - waiting...

at com.microsoft.playwright.impl.Connection.dispatch(Connection.java:256)
at com.microsoft.playwright.impl.Connection.processOneMessage(Connection.java:209)
at com.microsoft.playwright.impl.ChannelOwner.runUntil(ChannelOwner.java:118)
... 38 more
]]>
    </error>
  </testcase> <!-- addQuizQuestions -->
  <testcase classname="com.qa.easyjobs.tests.JobPageTest" name="setQuizDuration" time="0.001">
    <error message="Error {
  message=&#039;Target page, context or browser has been closed
  name=&#039;TargetClosedError
  stack=&#039;TargetClosedError: Target page, context or browser has been closed
    at DispatcherConnection.dispatch (/private/var/folders/mc/dyqmrmzn7wzgnndqb4yxm5ch0000gn/T/playwright-java-10600792000996021267/package/lib/server/dispatchers/dispatcher.js:277:44)
    at transport.onmessage (/private/var/folders/mc/dyqmrmzn7wzgnndqb4yxm5ch0000gn/T/playwright-java-10600792000996021267/package/lib/cli/driver.js:52:57)
    at Immediate._onImmediate (/private/var/folders/mc/dyqmrmzn7wzgnndqb4yxm5ch0000gn/T/playwright-java-10600792000996021267/package/lib/protocol/transport.js:77:34)
    at process.processImmediate (node:internal/timers:478:21)
}" type="com.microsoft.playwright.PlaywrightException">
      <![CDATA[com.microsoft.playwright.PlaywrightException: Error {
  message='Target page, context or browser has been closed
  name='TargetClosedError
  stack='TargetClosedError: Target page, context or browser has been closed
    at DispatcherConnection.dispatch (/private/var/folders/mc/dyqmrmzn7wzgnndqb4yxm5ch0000gn/T/playwright-java-10600792000996021267/package/lib/server/dispatchers/dispatcher.js:277:44)
    at transport.onmessage (/private/var/folders/mc/dyqmrmzn7wzgnndqb4yxm5ch0000gn/T/playwright-java-10600792000996021267/package/lib/cli/driver.js:52:57)
    at Immediate._onImmediate (/private/var/folders/mc/dyqmrmzn7wzgnndqb4yxm5ch0000gn/T/playwright-java-10600792000996021267/package/lib/protocol/transport.js:77:34)
    at process.processImmediate (node:internal/timers:478:21)
}
at com.microsoft.playwright.impl.WaitableResult.get(WaitableResult.java:54)
at com.microsoft.playwright.impl.ChannelOwner.runUntil(ChannelOwner.java:120)
at com.microsoft.playwright.impl.Connection.sendMessage(Connection.java:129)
at com.microsoft.playwright.impl.ChannelOwner.sendMessage(ChannelOwner.java:106)
at com.microsoft.playwright.impl.FrameImpl.clickImpl(FrameImpl.java:252)
at com.microsoft.playwright.impl.PageImpl.lambda$click$17(PageImpl.java:586)
at com.microsoft.playwright.impl.LoggingSupport.lambda$withLogging$0(LoggingSupport.java:36)
at com.microsoft.playwright.impl.LoggingSupport.withLogging(LoggingSupport.java:47)
at com.microsoft.playwright.impl.ChannelOwner.withLogging(ChannelOwner.java:89)
at com.microsoft.playwright.impl.LoggingSupport.withLogging(LoggingSupport.java:35)
at com.microsoft.playwright.impl.PageImpl.click(PageImpl.java:585)
at com.microsoft.playwright.Page.click(Page.java:3779)
at com.qa.easyjobs.pages.JobPage.setQuizDuration(JobPage.java:189)
at com.qa.easyjobs.tests.JobPageTest.setQuizDuration(JobPageTest.java:188)
at java.base/jdk.internal.reflect.DirectMethodHandleAccessor.invoke(DirectMethodHandleAccessor.java:103)
at java.base/java.lang.reflect.Method.invoke(Method.java:580)
at org.testng.internal.invokers.MethodInvocationHelper.invokeMethod(MethodInvocationHelper.java:141)
at org.testng.internal.invokers.TestInvoker.invokeMethod(TestInvoker.java:686)
at org.testng.internal.invokers.TestInvoker.invokeTestMethod(TestInvoker.java:230)
at org.testng.internal.invokers.MethodRunner.runInSequence(MethodRunner.java:63)
at org.testng.internal.invokers.TestInvoker$MethodInvocationAgent.invoke(TestInvoker.java:992)
at org.testng.internal.invokers.TestInvoker.invokeTestMethods(TestInvoker.java:203)
at org.testng.internal.invokers.TestMethodWorker.invokeTestMethods(TestMethodWorker.java:154)
at org.testng.internal.invokers.TestMethodWorker.run(TestMethodWorker.java:134)
at java.base/java.util.ArrayList.forEach(ArrayList.java:1596)
at org.testng.TestRunner.privateRun(TestRunner.java:739)
at org.testng.TestRunner.run(TestRunner.java:614)
at org.testng.SuiteRunner.runTest(SuiteRunner.java:421)
at org.testng.SuiteRunner.runSequentially(SuiteRunner.java:413)
at org.testng.SuiteRunner.privateRun(SuiteRunner.java:373)
at org.testng.SuiteRunner.run(SuiteRunner.java:312)
at org.testng.SuiteRunnerWorker.runSuite(SuiteRunnerWorker.java:52)
at org.testng.SuiteRunnerWorker.run(SuiteRunnerWorker.java:95)
at org.testng.TestNG.runSuitesSequentially(TestNG.java:1274)
at org.testng.TestNG.runSuitesLocally(TestNG.java:1208)
at org.testng.TestNG.runSuites(TestNG.java:1112)
at org.testng.TestNG.run(TestNG.java:1079)
at org.testng.remote.AbstractRemoteTestNG.run(AbstractRemoteTestNG.java:115)
at org.testng.remote.RemoteTestNG.initAndRun(RemoteTestNG.java:293)
at org.testng.remote.RemoteTestNG.main(RemoteTestNG.java:91)
Caused by: com.microsoft.playwright.impl.TargetClosedError: Error {
  message='Target page, context or browser has been closed
  name='TargetClosedError
  stack='TargetClosedError: Target page, context or browser has been closed
    at DispatcherConnection.dispatch (/private/var/folders/mc/dyqmrmzn7wzgnndqb4yxm5ch0000gn/T/playwright-java-10600792000996021267/package/lib/server/dispatchers/dispatcher.js:277:44)
    at transport.onmessage (/private/var/folders/mc/dyqmrmzn7wzgnndqb4yxm5ch0000gn/T/playwright-java-10600792000996021267/package/lib/cli/driver.js:52:57)
    at Immediate._onImmediate (/private/var/folders/mc/dyqmrmzn7wzgnndqb4yxm5ch0000gn/T/playwright-java-10600792000996021267/package/lib/protocol/transport.js:77:34)
    at process.processImmediate (node:internal/timers:478:21)
}
at com.microsoft.playwright.impl.Connection.dispatch(Connection.java:256)
at com.microsoft.playwright.impl.Connection.processOneMessage(Connection.java:209)
at com.microsoft.playwright.impl.ChannelOwner.runUntil(ChannelOwner.java:118)
... 38 more
]]>
    </error>
  </testcase> <!-- setQuizDuration -->
  <testcase classname="com.qa.easyjobs.tests.JobPageTest" name="setQuizMarks" time="0.001">
    <error message="Error {
  message=&#039;Target page, context or browser has been closed
  name=&#039;TargetClosedError
  stack=&#039;TargetClosedError: Target page, context or browser has been closed
    at DispatcherConnection.dispatch (/private/var/folders/mc/dyqmrmzn7wzgnndqb4yxm5ch0000gn/T/playwright-java-10600792000996021267/package/lib/server/dispatchers/dispatcher.js:277:44)
    at transport.onmessage (/private/var/folders/mc/dyqmrmzn7wzgnndqb4yxm5ch0000gn/T/playwright-java-10600792000996021267/package/lib/cli/driver.js:52:57)
    at Immediate._onImmediate (/private/var/folders/mc/dyqmrmzn7wzgnndqb4yxm5ch0000gn/T/playwright-java-10600792000996021267/package/lib/protocol/transport.js:77:34)
    at process.processImmediate (node:internal/timers:478:21)
}" type="com.microsoft.playwright.PlaywrightException">
      <![CDATA[com.microsoft.playwright.PlaywrightException: Error {
  message='Target page, context or browser has been closed
  name='TargetClosedError
  stack='TargetClosedError: Target page, context or browser has been closed
    at DispatcherConnection.dispatch (/private/var/folders/mc/dyqmrmzn7wzgnndqb4yxm5ch0000gn/T/playwright-java-10600792000996021267/package/lib/server/dispatchers/dispatcher.js:277:44)
    at transport.onmessage (/private/var/folders/mc/dyqmrmzn7wzgnndqb4yxm5ch0000gn/T/playwright-java-10600792000996021267/package/lib/cli/driver.js:52:57)
    at Immediate._onImmediate (/private/var/folders/mc/dyqmrmzn7wzgnndqb4yxm5ch0000gn/T/playwright-java-10600792000996021267/package/lib/protocol/transport.js:77:34)
    at process.processImmediate (node:internal/timers:478:21)
}
at com.microsoft.playwright.impl.WaitableResult.get(WaitableResult.java:54)
at com.microsoft.playwright.impl.ChannelOwner.runUntil(ChannelOwner.java:120)
at com.microsoft.playwright.impl.Connection.sendMessage(Connection.java:129)
at com.microsoft.playwright.impl.ChannelOwner.sendMessage(ChannelOwner.java:106)
at com.microsoft.playwright.impl.FrameImpl.clickImpl(FrameImpl.java:252)
at com.microsoft.playwright.impl.PageImpl.lambda$click$17(PageImpl.java:586)
at com.microsoft.playwright.impl.LoggingSupport.lambda$withLogging$0(LoggingSupport.java:36)
at com.microsoft.playwright.impl.LoggingSupport.withLogging(LoggingSupport.java:47)
at com.microsoft.playwright.impl.ChannelOwner.withLogging(ChannelOwner.java:89)
at com.microsoft.playwright.impl.LoggingSupport.withLogging(LoggingSupport.java:35)
at com.microsoft.playwright.impl.PageImpl.click(PageImpl.java:585)
at com.microsoft.playwright.Page.click(Page.java:3779)
at com.qa.easyjobs.pages.JobPage.setQuizMarks(JobPage.java:195)
at com.qa.easyjobs.tests.JobPageTest.setQuizMarks(JobPageTest.java:196)
at java.base/jdk.internal.reflect.DirectMethodHandleAccessor.invoke(DirectMethodHandleAccessor.java:103)
at java.base/java.lang.reflect.Method.invoke(Method.java:580)
at org.testng.internal.invokers.MethodInvocationHelper.invokeMethod(MethodInvocationHelper.java:141)
at org.testng.internal.invokers.TestInvoker.invokeMethod(TestInvoker.java:686)
at org.testng.internal.invokers.TestInvoker.invokeTestMethod(TestInvoker.java:230)
at org.testng.internal.invokers.MethodRunner.runInSequence(MethodRunner.java:63)
at org.testng.internal.invokers.TestInvoker$MethodInvocationAgent.invoke(TestInvoker.java:992)
at org.testng.internal.invokers.TestInvoker.invokeTestMethods(TestInvoker.java:203)
at org.testng.internal.invokers.TestMethodWorker.invokeTestMethods(TestMethodWorker.java:154)
at org.testng.internal.invokers.TestMethodWorker.run(TestMethodWorker.java:134)
at java.base/java.util.ArrayList.forEach(ArrayList.java:1596)
at org.testng.TestRunner.privateRun(TestRunner.java:739)
at org.testng.TestRunner.run(TestRunner.java:614)
at org.testng.SuiteRunner.runTest(SuiteRunner.java:421)
at org.testng.SuiteRunner.runSequentially(SuiteRunner.java:413)
at org.testng.SuiteRunner.privateRun(SuiteRunner.java:373)
at org.testng.SuiteRunner.run(SuiteRunner.java:312)
at org.testng.SuiteRunnerWorker.runSuite(SuiteRunnerWorker.java:52)
at org.testng.SuiteRunnerWorker.run(SuiteRunnerWorker.java:95)
at org.testng.TestNG.runSuitesSequentially(TestNG.java:1274)
at org.testng.TestNG.runSuitesLocally(TestNG.java:1208)
at org.testng.TestNG.runSuites(TestNG.java:1112)
at org.testng.TestNG.run(TestNG.java:1079)
at org.testng.remote.AbstractRemoteTestNG.run(AbstractRemoteTestNG.java:115)
at org.testng.remote.RemoteTestNG.initAndRun(RemoteTestNG.java:293)
at org.testng.remote.RemoteTestNG.main(RemoteTestNG.java:91)
Caused by: com.microsoft.playwright.impl.TargetClosedError: Error {
  message='Target page, context or browser has been closed
  name='TargetClosedError
  stack='TargetClosedError: Target page, context or browser has been closed
    at DispatcherConnection.dispatch (/private/var/folders/mc/dyqmrmzn7wzgnndqb4yxm5ch0000gn/T/playwright-java-10600792000996021267/package/lib/server/dispatchers/dispatcher.js:277:44)
    at transport.onmessage (/private/var/folders/mc/dyqmrmzn7wzgnndqb4yxm5ch0000gn/T/playwright-java-10600792000996021267/package/lib/cli/driver.js:52:57)
    at Immediate._onImmediate (/private/var/folders/mc/dyqmrmzn7wzgnndqb4yxm5ch0000gn/T/playwright-java-10600792000996021267/package/lib/protocol/transport.js:77:34)
    at process.processImmediate (node:internal/timers:478:21)
}
at com.microsoft.playwright.impl.Connection.dispatch(Connection.java:256)
at com.microsoft.playwright.impl.Connection.processOneMessage(Connection.java:209)
at com.microsoft.playwright.impl.ChannelOwner.runUntil(ChannelOwner.java:118)
... 38 more
]]>
    </error>
  </testcase> <!-- setQuizMarks -->
  <testcase classname="com.qa.easyjobs.tests.JobPageTest" name="quizSaveButton" time="0.001">
    <error message="Error {
  message=&#039;Target page, context or browser has been closed
  name=&#039;TargetClosedError
  stack=&#039;TargetClosedError: Target page, context or browser has been closed
    at DispatcherConnection.dispatch (/private/var/folders/mc/dyqmrmzn7wzgnndqb4yxm5ch0000gn/T/playwright-java-10600792000996021267/package/lib/server/dispatchers/dispatcher.js:277:44)
    at transport.onmessage (/private/var/folders/mc/dyqmrmzn7wzgnndqb4yxm5ch0000gn/T/playwright-java-10600792000996021267/package/lib/cli/driver.js:52:57)
    at Immediate._onImmediate (/private/var/folders/mc/dyqmrmzn7wzgnndqb4yxm5ch0000gn/T/playwright-java-10600792000996021267/package/lib/protocol/transport.js:77:34)
    at process.processImmediate (node:internal/timers:478:21)
}" type="com.microsoft.playwright.PlaywrightException">
      <![CDATA[com.microsoft.playwright.PlaywrightException: Error {
  message='Target page, context or browser has been closed
  name='TargetClosedError
  stack='TargetClosedError: Target page, context or browser has been closed
    at DispatcherConnection.dispatch (/private/var/folders/mc/dyqmrmzn7wzgnndqb4yxm5ch0000gn/T/playwright-java-10600792000996021267/package/lib/server/dispatchers/dispatcher.js:277:44)
    at transport.onmessage (/private/var/folders/mc/dyqmrmzn7wzgnndqb4yxm5ch0000gn/T/playwright-java-10600792000996021267/package/lib/cli/driver.js:52:57)
    at Immediate._onImmediate (/private/var/folders/mc/dyqmrmzn7wzgnndqb4yxm5ch0000gn/T/playwright-java-10600792000996021267/package/lib/protocol/transport.js:77:34)
    at process.processImmediate (node:internal/timers:478:21)
}
at com.microsoft.playwright.impl.WaitableResult.get(WaitableResult.java:54)
at com.microsoft.playwright.impl.ChannelOwner.runUntil(ChannelOwner.java:120)
at com.microsoft.playwright.impl.Connection.sendMessage(Connection.java:129)
at com.microsoft.playwright.impl.ChannelOwner.sendMessage(ChannelOwner.java:106)
at com.microsoft.playwright.impl.FrameImpl.clickImpl(FrameImpl.java:252)
at com.microsoft.playwright.impl.PageImpl.lambda$click$17(PageImpl.java:586)
at com.microsoft.playwright.impl.LoggingSupport.lambda$withLogging$0(LoggingSupport.java:36)
at com.microsoft.playwright.impl.LoggingSupport.withLogging(LoggingSupport.java:47)
at com.microsoft.playwright.impl.ChannelOwner.withLogging(ChannelOwner.java:89)
at com.microsoft.playwright.impl.LoggingSupport.withLogging(LoggingSupport.java:35)
at com.microsoft.playwright.impl.PageImpl.click(PageImpl.java:585)
at com.microsoft.playwright.Page.click(Page.java:3779)
at com.qa.easyjobs.pages.JobPage.quizSaveButton(JobPage.java:203)
at com.qa.easyjobs.tests.JobPageTest.quizSaveButton(JobPageTest.java:205)
at java.base/jdk.internal.reflect.DirectMethodHandleAccessor.invoke(DirectMethodHandleAccessor.java:103)
at java.base/java.lang.reflect.Method.invoke(Method.java:580)
at org.testng.internal.invokers.MethodInvocationHelper.invokeMethod(MethodInvocationHelper.java:141)
at org.testng.internal.invokers.TestInvoker.invokeMethod(TestInvoker.java:686)
at org.testng.internal.invokers.TestInvoker.invokeTestMethod(TestInvoker.java:230)
at org.testng.internal.invokers.MethodRunner.runInSequence(MethodRunner.java:63)
at org.testng.internal.invokers.TestInvoker$MethodInvocationAgent.invoke(TestInvoker.java:992)
at org.testng.internal.invokers.TestInvoker.invokeTestMethods(TestInvoker.java:203)
at org.testng.internal.invokers.TestMethodWorker.invokeTestMethods(TestMethodWorker.java:154)
at org.testng.internal.invokers.TestMethodWorker.run(TestMethodWorker.java:134)
at java.base/java.util.ArrayList.forEach(ArrayList.java:1596)
at org.testng.TestRunner.privateRun(TestRunner.java:739)
at org.testng.TestRunner.run(TestRunner.java:614)
at org.testng.SuiteRunner.runTest(SuiteRunner.java:421)
at org.testng.SuiteRunner.runSequentially(SuiteRunner.java:413)
at org.testng.SuiteRunner.privateRun(SuiteRunner.java:373)
at org.testng.SuiteRunner.run(SuiteRunner.java:312)
at org.testng.SuiteRunnerWorker.runSuite(SuiteRunnerWorker.java:52)
at org.testng.SuiteRunnerWorker.run(SuiteRunnerWorker.java:95)
at org.testng.TestNG.runSuitesSequentially(TestNG.java:1274)
at org.testng.TestNG.runSuitesLocally(TestNG.java:1208)
at org.testng.TestNG.runSuites(TestNG.java:1112)
at org.testng.TestNG.run(TestNG.java:1079)
at org.testng.remote.AbstractRemoteTestNG.run(AbstractRemoteTestNG.java:115)
at org.testng.remote.RemoteTestNG.initAndRun(RemoteTestNG.java:293)
at org.testng.remote.RemoteTestNG.main(RemoteTestNG.java:91)
Caused by: com.microsoft.playwright.impl.TargetClosedError: Error {
  message='Target page, context or browser has been closed
  name='TargetClosedError
  stack='TargetClosedError: Target page, context or browser has been closed
    at DispatcherConnection.dispatch (/private/var/folders/mc/dyqmrmzn7wzgnndqb4yxm5ch0000gn/T/playwright-java-10600792000996021267/package/lib/server/dispatchers/dispatcher.js:277:44)
    at transport.onmessage (/private/var/folders/mc/dyqmrmzn7wzgnndqb4yxm5ch0000gn/T/playwright-java-10600792000996021267/package/lib/cli/driver.js:52:57)
    at Immediate._onImmediate (/private/var/folders/mc/dyqmrmzn7wzgnndqb4yxm5ch0000gn/T/playwright-java-10600792000996021267/package/lib/protocol/transport.js:77:34)
    at process.processImmediate (node:internal/timers:478:21)
}
at com.microsoft.playwright.impl.Connection.dispatch(Connection.java:256)
at com.microsoft.playwright.impl.Connection.processOneMessage(Connection.java:209)
at com.microsoft.playwright.impl.ChannelOwner.runUntil(ChannelOwner.java:118)
... 38 more
]]>
    </error>
  </testcase> <!-- quizSaveButton -->
  <testcase classname="com.qa.easyjobs.tests.JobPageTest" name="customJobApplyFieldSaveButton" time="0.001">
    <error message="Error {
  message=&#039;Target page, context or browser has been closed
  name=&#039;TargetClosedError
  stack=&#039;TargetClosedError: Target page, context or browser has been closed
    at DispatcherConnection.dispatch (/private/var/folders/mc/dyqmrmzn7wzgnndqb4yxm5ch0000gn/T/playwright-java-10600792000996021267/package/lib/server/dispatchers/dispatcher.js:277:44)
    at transport.onmessage (/private/var/folders/mc/dyqmrmzn7wzgnndqb4yxm5ch0000gn/T/playwright-java-10600792000996021267/package/lib/cli/driver.js:52:57)
    at Immediate._onImmediate (/private/var/folders/mc/dyqmrmzn7wzgnndqb4yxm5ch0000gn/T/playwright-java-10600792000996021267/package/lib/protocol/transport.js:77:34)
    at process.processImmediate (node:internal/timers:478:21)
}" type="com.microsoft.playwright.PlaywrightException">
      <![CDATA[com.microsoft.playwright.PlaywrightException: Error {
  message='Target page, context or browser has been closed
  name='TargetClosedError
  stack='TargetClosedError: Target page, context or browser has been closed
    at DispatcherConnection.dispatch (/private/var/folders/mc/dyqmrmzn7wzgnndqb4yxm5ch0000gn/T/playwright-java-10600792000996021267/package/lib/server/dispatchers/dispatcher.js:277:44)
    at transport.onmessage (/private/var/folders/mc/dyqmrmzn7wzgnndqb4yxm5ch0000gn/T/playwright-java-10600792000996021267/package/lib/cli/driver.js:52:57)
    at Immediate._onImmediate (/private/var/folders/mc/dyqmrmzn7wzgnndqb4yxm5ch0000gn/T/playwright-java-10600792000996021267/package/lib/protocol/transport.js:77:34)
    at process.processImmediate (node:internal/timers:478:21)
}
at com.microsoft.playwright.impl.WaitableResult.get(WaitableResult.java:54)
at com.microsoft.playwright.impl.ChannelOwner.runUntil(ChannelOwner.java:120)
at com.microsoft.playwright.impl.Connection.sendMessage(Connection.java:129)
at com.microsoft.playwright.impl.ChannelOwner.sendMessage(ChannelOwner.java:106)
at com.microsoft.playwright.impl.FrameImpl.clickImpl(FrameImpl.java:252)
at com.microsoft.playwright.impl.PageImpl.lambda$click$17(PageImpl.java:586)
at com.microsoft.playwright.impl.LoggingSupport.lambda$withLogging$0(LoggingSupport.java:36)
at com.microsoft.playwright.impl.LoggingSupport.withLogging(LoggingSupport.java:47)
at com.microsoft.playwright.impl.ChannelOwner.withLogging(ChannelOwner.java:89)
at com.microsoft.playwright.impl.LoggingSupport.withLogging(LoggingSupport.java:35)
at com.microsoft.playwright.impl.PageImpl.click(PageImpl.java:585)
at com.microsoft.playwright.Page.click(Page.java:3779)
at com.qa.easyjobs.pages.JobPage.clickCustomFieldsaveButton(JobPage.java:209)
at com.qa.easyjobs.tests.JobPageTest.customJobApplyFieldSaveButton(JobPageTest.java:214)
at java.base/jdk.internal.reflect.DirectMethodHandleAccessor.invoke(DirectMethodHandleAccessor.java:103)
at java.base/java.lang.reflect.Method.invoke(Method.java:580)
at org.testng.internal.invokers.MethodInvocationHelper.invokeMethod(MethodInvocationHelper.java:141)
at org.testng.internal.invokers.TestInvoker.invokeMethod(TestInvoker.java:686)
at org.testng.internal.invokers.TestInvoker.invokeTestMethod(TestInvoker.java:230)
at org.testng.internal.invokers.MethodRunner.runInSequence(MethodRunner.java:63)
at org.testng.internal.invokers.TestInvoker$MethodInvocationAgent.invoke(TestInvoker.java:992)
at org.testng.internal.invokers.TestInvoker.invokeTestMethods(TestInvoker.java:203)
at org.testng.internal.invokers.TestMethodWorker.invokeTestMethods(TestMethodWorker.java:154)
at org.testng.internal.invokers.TestMethodWorker.run(TestMethodWorker.java:134)
at java.base/java.util.ArrayList.forEach(ArrayList.java:1596)
at org.testng.TestRunner.privateRun(TestRunner.java:739)
at org.testng.TestRunner.run(TestRunner.java:614)
at org.testng.SuiteRunner.runTest(SuiteRunner.java:421)
at org.testng.SuiteRunner.runSequentially(SuiteRunner.java:413)
at org.testng.SuiteRunner.privateRun(SuiteRunner.java:373)
at org.testng.SuiteRunner.run(SuiteRunner.java:312)
at org.testng.SuiteRunnerWorker.runSuite(SuiteRunnerWorker.java:52)
at org.testng.SuiteRunnerWorker.run(SuiteRunnerWorker.java:95)
at org.testng.TestNG.runSuitesSequentially(TestNG.java:1274)
at org.testng.TestNG.runSuitesLocally(TestNG.java:1208)
at org.testng.TestNG.runSuites(TestNG.java:1112)
at org.testng.TestNG.run(TestNG.java:1079)
at org.testng.remote.AbstractRemoteTestNG.run(AbstractRemoteTestNG.java:115)
at org.testng.remote.RemoteTestNG.initAndRun(RemoteTestNG.java:293)
at org.testng.remote.RemoteTestNG.main(RemoteTestNG.java:91)
Caused by: com.microsoft.playwright.impl.TargetClosedError: Error {
  message='Target page, context or browser has been closed
  name='TargetClosedError
  stack='TargetClosedError: Target page, context or browser has been closed
    at DispatcherConnection.dispatch (/private/var/folders/mc/dyqmrmzn7wzgnndqb4yxm5ch0000gn/T/playwright-java-10600792000996021267/package/lib/server/dispatchers/dispatcher.js:277:44)
    at transport.onmessage (/private/var/folders/mc/dyqmrmzn7wzgnndqb4yxm5ch0000gn/T/playwright-java-10600792000996021267/package/lib/cli/driver.js:52:57)
    at Immediate._onImmediate (/private/var/folders/mc/dyqmrmzn7wzgnndqb4yxm5ch0000gn/T/playwright-java-10600792000996021267/package/lib/protocol/transport.js:77:34)
    at process.processImmediate (node:internal/timers:478:21)
}
at com.microsoft.playwright.impl.Connection.dispatch(Connection.java:256)
at com.microsoft.playwright.impl.Connection.processOneMessage(Connection.java:209)
at com.microsoft.playwright.impl.ChannelOwner.runUntil(ChannelOwner.java:118)
... 38 more
]]>
    </error>
  </testcase> <!-- customJobApplyFieldSaveButton -->
  <testcase classname="com.qa.easyjobs.tests.JobPageTest" name="jobPublishConfirmButton" time="0.001">
    <error message="Error {
  message=&#039;Target page, context or browser has been closed
  name=&#039;TargetClosedError
  stack=&#039;TargetClosedError: Target page, context or browser has been closed
    at DispatcherConnection.dispatch (/private/var/folders/mc/dyqmrmzn7wzgnndqb4yxm5ch0000gn/T/playwright-java-10600792000996021267/package/lib/server/dispatchers/dispatcher.js:277:44)
    at transport.onmessage (/private/var/folders/mc/dyqmrmzn7wzgnndqb4yxm5ch0000gn/T/playwright-java-10600792000996021267/package/lib/cli/driver.js:52:57)
    at Immediate._onImmediate (/private/var/folders/mc/dyqmrmzn7wzgnndqb4yxm5ch0000gn/T/playwright-java-10600792000996021267/package/lib/protocol/transport.js:77:34)
    at process.processImmediate (node:internal/timers:478:21)
}" type="com.microsoft.playwright.PlaywrightException">
      <![CDATA[com.microsoft.playwright.PlaywrightException: Error {
  message='Target page, context or browser has been closed
  name='TargetClosedError
  stack='TargetClosedError: Target page, context or browser has been closed
    at DispatcherConnection.dispatch (/private/var/folders/mc/dyqmrmzn7wzgnndqb4yxm5ch0000gn/T/playwright-java-10600792000996021267/package/lib/server/dispatchers/dispatcher.js:277:44)
    at transport.onmessage (/private/var/folders/mc/dyqmrmzn7wzgnndqb4yxm5ch0000gn/T/playwright-java-10600792000996021267/package/lib/cli/driver.js:52:57)
    at Immediate._onImmediate (/private/var/folders/mc/dyqmrmzn7wzgnndqb4yxm5ch0000gn/T/playwright-java-10600792000996021267/package/lib/protocol/transport.js:77:34)
    at process.processImmediate (node:internal/timers:478:21)
}
at com.microsoft.playwright.impl.WaitableResult.get(WaitableResult.java:54)
at com.microsoft.playwright.impl.ChannelOwner.runUntil(ChannelOwner.java:120)
at com.microsoft.playwright.impl.Connection.sendMessage(Connection.java:129)
at com.microsoft.playwright.impl.ChannelOwner.sendMessage(ChannelOwner.java:106)
at com.microsoft.playwright.impl.FrameImpl.clickImpl(FrameImpl.java:252)
at com.microsoft.playwright.impl.PageImpl.lambda$click$17(PageImpl.java:586)
at com.microsoft.playwright.impl.LoggingSupport.lambda$withLogging$0(LoggingSupport.java:36)
at com.microsoft.playwright.impl.LoggingSupport.withLogging(LoggingSupport.java:47)
at com.microsoft.playwright.impl.ChannelOwner.withLogging(ChannelOwner.java:89)
at com.microsoft.playwright.impl.LoggingSupport.withLogging(LoggingSupport.java:35)
at com.microsoft.playwright.impl.PageImpl.click(PageImpl.java:585)
at com.microsoft.playwright.Page.click(Page.java:3779)
at com.qa.easyjobs.pages.JobPage.jobPublishConfirmButton(JobPage.java:218)
at com.qa.easyjobs.tests.JobPageTest.jobPublishConfirmButton(JobPageTest.java:224)
at java.base/jdk.internal.reflect.DirectMethodHandleAccessor.invoke(DirectMethodHandleAccessor.java:103)
at java.base/java.lang.reflect.Method.invoke(Method.java:580)
at org.testng.internal.invokers.MethodInvocationHelper.invokeMethod(MethodInvocationHelper.java:141)
at org.testng.internal.invokers.TestInvoker.invokeMethod(TestInvoker.java:686)
at org.testng.internal.invokers.TestInvoker.invokeTestMethod(TestInvoker.java:230)
at org.testng.internal.invokers.MethodRunner.runInSequence(MethodRunner.java:63)
at org.testng.internal.invokers.TestInvoker$MethodInvocationAgent.invoke(TestInvoker.java:992)
at org.testng.internal.invokers.TestInvoker.invokeTestMethods(TestInvoker.java:203)
at org.testng.internal.invokers.TestMethodWorker.invokeTestMethods(TestMethodWorker.java:154)
at org.testng.internal.invokers.TestMethodWorker.run(TestMethodWorker.java:134)
at java.base/java.util.ArrayList.forEach(ArrayList.java:1596)
at org.testng.TestRunner.privateRun(TestRunner.java:739)
at org.testng.TestRunner.run(TestRunner.java:614)
at org.testng.SuiteRunner.runTest(SuiteRunner.java:421)
at org.testng.SuiteRunner.runSequentially(SuiteRunner.java:413)
at org.testng.SuiteRunner.privateRun(SuiteRunner.java:373)
at org.testng.SuiteRunner.run(SuiteRunner.java:312)
at org.testng.SuiteRunnerWorker.runSuite(SuiteRunnerWorker.java:52)
at org.testng.SuiteRunnerWorker.run(SuiteRunnerWorker.java:95)
at org.testng.TestNG.runSuitesSequentially(TestNG.java:1274)
at org.testng.TestNG.runSuitesLocally(TestNG.java:1208)
at org.testng.TestNG.runSuites(TestNG.java:1112)
at org.testng.TestNG.run(TestNG.java:1079)
at org.testng.remote.AbstractRemoteTestNG.run(AbstractRemoteTestNG.java:115)
at org.testng.remote.RemoteTestNG.initAndRun(RemoteTestNG.java:293)
at org.testng.remote.RemoteTestNG.main(RemoteTestNG.java:91)
Caused by: com.microsoft.playwright.impl.TargetClosedError: Error {
  message='Target page, context or browser has been closed
  name='TargetClosedError
  stack='TargetClosedError: Target page, context or browser has been closed
    at DispatcherConnection.dispatch (/private/var/folders/mc/dyqmrmzn7wzgnndqb4yxm5ch0000gn/T/playwright-java-10600792000996021267/package/lib/server/dispatchers/dispatcher.js:277:44)
    at transport.onmessage (/private/var/folders/mc/dyqmrmzn7wzgnndqb4yxm5ch0000gn/T/playwright-java-10600792000996021267/package/lib/cli/driver.js:52:57)
    at Immediate._onImmediate (/private/var/folders/mc/dyqmrmzn7wzgnndqb4yxm5ch0000gn/T/playwright-java-10600792000996021267/package/lib/protocol/transport.js:77:34)
    at process.processImmediate (node:internal/timers:478:21)
}
at com.microsoft.playwright.impl.Connection.dispatch(Connection.java:256)
at com.microsoft.playwright.impl.Connection.processOneMessage(Connection.java:209)
at com.microsoft.playwright.impl.ChannelOwner.runUntil(ChannelOwner.java:118)
... 38 more
]]>
    </error>
  </testcase> <!-- jobPublishConfirmButton -->
  <testcase classname="com.qa.easyjobs.tests.JobPageTest" name="isJobPublishedSuccessfully" time="0.001">
    <error message="Error {
  message=&#039;Target page, context or browser has been closed
  name=&#039;TargetClosedError
  stack=&#039;TargetClosedError: Target page, context or browser has been closed
    at DispatcherConnection.dispatch (/private/var/folders/mc/dyqmrmzn7wzgnndqb4yxm5ch0000gn/T/playwright-java-10600792000996021267/package/lib/server/dispatchers/dispatcher.js:277:44)
    at transport.onmessage (/private/var/folders/mc/dyqmrmzn7wzgnndqb4yxm5ch0000gn/T/playwright-java-10600792000996021267/package/lib/cli/driver.js:52:57)
    at Immediate._onImmediate (/private/var/folders/mc/dyqmrmzn7wzgnndqb4yxm5ch0000gn/T/playwright-java-10600792000996021267/package/lib/protocol/transport.js:77:34)
    at process.processImmediate (node:internal/timers:478:21)
}" type="com.microsoft.playwright.PlaywrightException">
      <![CDATA[com.microsoft.playwright.PlaywrightException: Error {
  message='Target page, context or browser has been closed
  name='TargetClosedError
  stack='TargetClosedError: Target page, context or browser has been closed
    at DispatcherConnection.dispatch (/private/var/folders/mc/dyqmrmzn7wzgnndqb4yxm5ch0000gn/T/playwright-java-10600792000996021267/package/lib/server/dispatchers/dispatcher.js:277:44)
    at transport.onmessage (/private/var/folders/mc/dyqmrmzn7wzgnndqb4yxm5ch0000gn/T/playwright-java-10600792000996021267/package/lib/cli/driver.js:52:57)
    at Immediate._onImmediate (/private/var/folders/mc/dyqmrmzn7wzgnndqb4yxm5ch0000gn/T/playwright-java-10600792000996021267/package/lib/protocol/transport.js:77:34)
    at process.processImmediate (node:internal/timers:478:21)
}
at com.microsoft.playwright.impl.WaitableResult.get(WaitableResult.java:54)
at com.microsoft.playwright.impl.ChannelOwner.runUntil(ChannelOwner.java:120)
at com.microsoft.playwright.impl.Connection.sendMessage(Connection.java:129)
at com.microsoft.playwright.impl.ChannelOwner.sendMessage(ChannelOwner.java:106)
at com.microsoft.playwright.impl.FrameImpl.isVisibleImpl(FrameImpl.java:641)
at com.microsoft.playwright.impl.PageImpl.lambda$isVisible$56(PageImpl.java:905)
at com.microsoft.playwright.impl.LoggingSupport.withLogging(LoggingSupport.java:47)
at com.microsoft.playwright.impl.ChannelOwner.withLogging(ChannelOwner.java:89)
at com.microsoft.playwright.impl.PageImpl.isVisible(PageImpl.java:904)
at com.microsoft.playwright.Page.isVisible(Page.java:5557)
at com.qa.easyjobs.pages.JobPage.isJobPublishedSuccessfully(JobPage.java:246)
at com.qa.easyjobs.tests.JobPageTest.isJobPublishedSuccessfully(JobPageTest.java:235)
at java.base/jdk.internal.reflect.DirectMethodHandleAccessor.invoke(DirectMethodHandleAccessor.java:103)
at java.base/java.lang.reflect.Method.invoke(Method.java:580)
at org.testng.internal.invokers.MethodInvocationHelper.invokeMethod(MethodInvocationHelper.java:141)
at org.testng.internal.invokers.TestInvoker.invokeMethod(TestInvoker.java:686)
at org.testng.internal.invokers.TestInvoker.invokeTestMethod(TestInvoker.java:230)
at org.testng.internal.invokers.MethodRunner.runInSequence(MethodRunner.java:63)
at org.testng.internal.invokers.TestInvoker$MethodInvocationAgent.invoke(TestInvoker.java:992)
at org.testng.internal.invokers.TestInvoker.invokeTestMethods(TestInvoker.java:203)
at org.testng.internal.invokers.TestMethodWorker.invokeTestMethods(TestMethodWorker.java:154)
at org.testng.internal.invokers.TestMethodWorker.run(TestMethodWorker.java:134)
at java.base/java.util.ArrayList.forEach(ArrayList.java:1596)
at org.testng.TestRunner.privateRun(TestRunner.java:739)
at org.testng.TestRunner.run(TestRunner.java:614)
at org.testng.SuiteRunner.runTest(SuiteRunner.java:421)
at org.testng.SuiteRunner.runSequentially(SuiteRunner.java:413)
at org.testng.SuiteRunner.privateRun(SuiteRunner.java:373)
at org.testng.SuiteRunner.run(SuiteRunner.java:312)
at org.testng.SuiteRunnerWorker.runSuite(SuiteRunnerWorker.java:52)
at org.testng.SuiteRunnerWorker.run(SuiteRunnerWorker.java:95)
at org.testng.TestNG.runSuitesSequentially(TestNG.java:1274)
at org.testng.TestNG.runSuitesLocally(TestNG.java:1208)
at org.testng.TestNG.runSuites(TestNG.java:1112)
at org.testng.TestNG.run(TestNG.java:1079)
at org.testng.remote.AbstractRemoteTestNG.run(AbstractRemoteTestNG.java:115)
at org.testng.remote.RemoteTestNG.initAndRun(RemoteTestNG.java:293)
at org.testng.remote.RemoteTestNG.main(RemoteTestNG.java:91)
Caused by: com.microsoft.playwright.impl.TargetClosedError: Error {
  message='Target page, context or browser has been closed
  name='TargetClosedError
  stack='TargetClosedError: Target page, context or browser has been closed
    at DispatcherConnection.dispatch (/private/var/folders/mc/dyqmrmzn7wzgnndqb4yxm5ch0000gn/T/playwright-java-10600792000996021267/package/lib/server/dispatchers/dispatcher.js:277:44)
    at transport.onmessage (/private/var/folders/mc/dyqmrmzn7wzgnndqb4yxm5ch0000gn/T/playwright-java-10600792000996021267/package/lib/cli/driver.js:52:57)
    at Immediate._onImmediate (/private/var/folders/mc/dyqmrmzn7wzgnndqb4yxm5ch0000gn/T/playwright-java-10600792000996021267/package/lib/protocol/transport.js:77:34)
    at process.processImmediate (node:internal/timers:478:21)
}
at com.microsoft.playwright.impl.Connection.dispatch(Connection.java:256)
at com.microsoft.playwright.impl.Connection.processOneMessage(Connection.java:209)
at com.microsoft.playwright.impl.ChannelOwner.runUntil(ChannelOwner.java:118)
... 36 more
]]>
    </error>
  </testcase> <!-- isJobPublishedSuccessfully -->
</testsuite> <!-- com.qa.easyjobs.tests.JobPageTest -->
