<?xml version="1.0" encoding="UTF-8"?>
<!-- Generated by org.testng.reporters.JUnitReportReporter -->
<testsuite hostname="WPDev-Laptop-Raihan.localdomain" failures="0" tests="5" name="com.qa.easyjobs.tests.DashboardPageTest" time="18.526" errors="0" timestamp="2025-01-05T12:24:38 BDT" skipped="0">
  <testcase classname="com.qa.easyjobs.tests.DashboardPageTest" name="dashboardPageTitleTest" time="3.009"/>
  <testcase classname="com.qa.easyjobs.tests.DashboardPageTest" name="testRecentApplicantsSection" time="3.032"/>
  <testcase classname="com.qa.easyjobs.tests.DashboardPageTest" name="testActiveCandidateCardClickable" time="3.466"/>
  <testcase classname="com.qa.easyjobs.tests.DashboardPageTest" name="testActiveJobsClickable" time="4.514"/>
  <testcase classname="com.qa.easyjobs.tests.DashboardPageTest" name="testTeamMembersClickable" time="4.505"/>
</testsuite> <!-- com.qa.easyjobs.tests.DashboardPageTest -->
